Using pre-set license
Built from '2021.3/staging' branch; Version is '2021.3.14f1 (eee1884e7226) revision 15655304'; Using compiler version '192829333'; Build Type 'Release'
OS: 'Windows 10  (10.0.19044) 64bit Education' Language: 'de' Physical Memory: 32541 MB
BatchMode: 1, IsHumanControllingUs: 0, StartBugReporterOnCrash: 0, Is64bit: 1, IsPro: 1

COMMAND LINE ARGUMENTS:
C:\Program Files\Unity\Hub\Editor\2021.3.14f1\Editor\Unity.exe
-adb2
-batchMode
-noUpm
-name
AssetImportWorker2
-projectPath
C:/Users/Alex/Documents/GitHub/ArcheryVR/Archery
-logFile
Logs/AssetImportWorker2.log
-srvPort
55073
Successfully changed project path to: C:/Users/Alex/Documents/GitHub/ArcheryVR/Archery
C:/Users/Alex/Documents/GitHub/ArcheryVR/Archery
[UnityMemory] Configuration Parameters - Can be set up in boot.config
    "memorysetup-bucket-allocator-granularity=16"
    "memorysetup-bucket-allocator-bucket-count=8"
    "memorysetup-bucket-allocator-block-size=33554432"
    "memorysetup-bucket-allocator-block-count=8"
    "memorysetup-main-allocator-block-size=16777216"
    "memorysetup-thread-allocator-block-size=16777216"
    "memorysetup-gfx-main-allocator-block-size=16777216"
    "memorysetup-gfx-thread-allocator-block-size=16777216"
    "memorysetup-cache-allocator-block-size=4194304"
    "memorysetup-typetree-allocator-block-size=2097152"
    "memorysetup-profiler-bucket-allocator-granularity=16"
    "memorysetup-profiler-bucket-allocator-bucket-count=8"
    "memorysetup-profiler-bucket-allocator-block-size=33554432"
    "memorysetup-profiler-bucket-allocator-block-count=8"
    "memorysetup-profiler-allocator-block-size=16777216"
    "memorysetup-profiler-editor-allocator-block-size=1048576"
    "memorysetup-temp-allocator-size-main=16777216"
    "memorysetup-job-temp-allocator-block-size=2097152"
    "memorysetup-job-temp-allocator-block-size-background=1048576"
    "memorysetup-job-temp-allocator-reduction-small-platforms=262144"
    "memorysetup-temp-allocator-size-background-worker=32768"
    "memorysetup-temp-allocator-size-job-worker=262144"
    "memorysetup-temp-allocator-size-preload-manager=33554432"
    "memorysetup-temp-allocator-size-nav-mesh-worker=65536"
    "memorysetup-temp-allocator-size-audio-worker=65536"
    "memorysetup-temp-allocator-size-cloud-worker=32768"
    "memorysetup-temp-allocator-size-gi-baking-worker=262144"
    "memorysetup-temp-allocator-size-gfx=262144"
Refreshing native plugins compatible for Editor in 192.61 ms, found 13 plugins.
Preloading 1 native plugins for Editor in 0.76 ms.
Initialize engine version: 2021.3.14f1 (eee1884e7226)
[Subsystems] Discovering subsystems at path C:/Program Files/Unity/Hub/Editor/2021.3.14f1/Editor/Data/Resources/UnitySubsystems
[Subsystems] Discovering subsystems at path C:/Users/Alex/Documents/GitHub/ArcheryVR/Archery/Assets
GfxDevice: creating device client; threaded=0; jobified=0
Direct3D:
    Version:  Direct3D 11.0 [level 11.1]
    Renderer: AMD Radeon RX 6800 XT (ID=0x73bf)
    Vendor:   ATI
    VRAM:     16338 MB
    Driver:   31.0.12027.7000
Shader 'Oculus/OVRMRCameraFrameLit': fallback shader 'Alpha-Diffuse' not found
Initialize mono
Mono path[0] = 'C:/Program Files/Unity/Hub/Editor/2021.3.14f1/Editor/Data/Managed'
Mono path[1] = 'C:/Program Files/Unity/Hub/Editor/2021.3.14f1/Editor/Data/MonoBleedingEdge/lib/mono/unityjit-win32'
Mono config path = 'C:/Program Files/Unity/Hub/Editor/2021.3.14f1/Editor/Data/MonoBleedingEdge/etc'
Using monoOptions --debugger-agent=transport=dt_socket,embedding=1,server=y,suspend=n,address=127.0.0.1:56080
Begin MonoManager ReloadAssembly
Registering precompiled unity dll's ...
Register platform support module: C:/Program Files/Unity/Hub/Editor/2021.3.14f1/Editor/Data/PlaybackEngines/WebGLSupport/UnityEditor.WebGL.Extensions.dll
Register platform support module: C:/Program Files/Unity/Hub/Editor/2021.3.14f1/Editor/Data/PlaybackEngines/AndroidPlayer/UnityEditor.Android.Extensions.dll
Register platform support module: C:/Program Files/Unity/Hub/Editor/2021.3.14f1/Editor/Data/PlaybackEngines/WindowsStandaloneSupport/UnityEditor.WindowsStandalone.Extensions.dll
Register platform support module: C:/Program Files/Unity/Hub/Editor/2021.3.14f1/Editor/Data/PlaybackEngines/MetroSupport/UnityEditor.UWP.Extensions.dll
Registered in 0.015706 seconds.
Native extension for UWP target not found
Native extension for WindowsStandalone target not found
Native extension for Android target not found
Native extension for WebGL target not found
Refreshing native plugins compatible for Editor in 162.05 ms, found 13 plugins.
Preloading 1 native plugins for Editor in 0.09 ms.
Mono: successfully reloaded assembly
- Completed reload, in  0.991 seconds
Domain Reload Profiling:
	ReloadAssembly (992ms)
		BeginReloadAssembly (104ms)
			ExecutionOrderSort (0ms)
			DisableScriptedObjects (0ms)
			BackupInstance (0ms)
			ReleaseScriptingObjects (0ms)
			CreateAndSetChildDomain (1ms)
		EndReloadAssembly (738ms)
			LoadAssemblies (103ms)
			RebuildTransferFunctionScriptingTraits (0ms)
			SetupTypeCache (163ms)
			ReleaseScriptCaches (0ms)
			RebuildScriptCaches (30ms)
			SetupLoadedEditorAssemblies (479ms)
				LogAssemblyErrors (0ms)
				InitializePlatformSupportModulesInManaged (80ms)
				SetLoadedEditorAssemblies (0ms)
				RefreshPlugins (162ms)
				BeforeProcessingInitializeOnLoad (4ms)
				ProcessInitializeOnLoadAttributes (167ms)
				ProcessInitializeOnLoadMethodAttributes (65ms)
				AfterProcessingInitializeOnLoad (0ms)
				EditorAssembliesLoaded (0ms)
			ExecutionOrderSort2 (0ms)
			AwakeInstancesAfterBackupRestoration (0ms)
Platform modules already initialized, skipping
Registering precompiled user dll's ...
Registered in 0.010304 seconds.
Begin MonoManager ReloadAssembly
Symbol file LoadedFromMemory doesn't match image C:\Users\Alex\Documents\GitHub\ArcheryVR\Archery\Library\PackageCache\com.unity.visualscripting@1.7.8\Editor\VisualScripting.Core\Dependencies\DotNetZip\Unity.VisualScripting.IonicZip.dll
Symbol file LoadedFromMemory doesn't match image C:\Users\Alex\Documents\GitHub\ArcheryVR\Archery\Library\PackageCache\com.unity.visualscripting@1.7.8\Editor\VisualScripting.Core\Dependencies\YamlDotNet\Unity.VisualScripting.YamlDotNet.dll
Native extension for UWP target not found
Native extension for WindowsStandalone target not found
Native extension for Android target not found
Native extension for WebGL target not found
Refreshing native plugins compatible for Editor in 118.87 ms, found 13 plugins.
Preloading 1 native plugins for Editor in 0.07 ms.
Package Manager log level set to [2]
System.Reflection.TargetInvocationException: Exception has been thrown by the target of an invocation. ---> System.NullReferenceException: Object reference not set to an instance of an object
  at Unity.XR.Oculus.OculusLoader.AssetPathToAbsolutePath (System.String assetPath) [0x0003d] in C:\Users\Alex\Documents\GitHub\ArcheryVR\Archery\Library\PackageCache\com.unity.xr.oculus@3.2.1\Runtime\OculusLoader.cs:296 
  at Unity.XR.Oculus.OculusLoader.EditorLoadOVRPlugin () [0x0007b] in C:\Users\Alex\Documents\GitHub\ArcheryVR\Archery\Library\PackageCache\com.unity.xr.oculus@3.2.1\Runtime\OculusLoader.cs:281 
  at (wrapper managed-to-native) System.Reflection.RuntimeMethodInfo.InternalInvoke(System.Reflection.RuntimeMethodInfo,object,object[],System.Exception&)
  at System.Reflection.RuntimeMethodInfo.Invoke (System.Object obj, System.Reflection.BindingFlags invokeAttr, System.Reflection.Binder binder, System.Object[] parameters, System.Globalization.CultureInfo culture) [0x0006a] in <d6232873609549b8a045fa15811a5bd3>:0 
   --- End of inner exception stack trace ---
  at System.Reflection.RuntimeMethodInfo.Invoke (System.Object obj, System.Reflection.BindingFlags invokeAttr, System.Reflection.Binder binder, System.Object[] parameters, System.Globalization.CultureInfo culture) [0x00083] in <d6232873609549b8a045fa15811a5bd3>:0 
  at System.Reflection.MethodBase.Invoke (System.Object obj, System.Object[] parameters) [0x00000] in <d6232873609549b8a045fa15811a5bd3>:0 
  at UnityEditor.EditorAssemblies.ProcessInitializeOnLoadMethodAttributes () [0x000a5] in <6a5b55f2e18b419e9faedac06ac6af94>:0 
UnityEngine.StackTraceUtility:ExtractStackTrace ()
UnityEngine.DebugLogHandler:LogFormat (UnityEngine.LogType,UnityEngine.Object,string,object[])
UnityEngine.Logger:Log (UnityEngine.LogType,object)
UnityEngine.Debug:LogError (object)
UnityEditor.EditorAssemblies:ProcessInitializeOnLoadMethodAttributes ()

Mono: successfully reloaded assembly
- Completed reload, in  1.529 seconds
Domain Reload Profiling:
	ReloadAssembly (1530ms)
		BeginReloadAssembly (204ms)
			ExecutionOrderSort (0ms)
			DisableScriptedObjects (6ms)
			BackupInstance (0ms)
			ReleaseScriptingObjects (0ms)
			CreateAndSetChildDomain (122ms)
		EndReloadAssembly (1198ms)
			LoadAssemblies (83ms)
			RebuildTransferFunctionScriptingTraits (0ms)
			SetupTypeCache (330ms)
			ReleaseScriptCaches (1ms)
			RebuildScriptCaches (89ms)
			SetupLoadedEditorAssemblies (620ms)
				LogAssemblyErrors (0ms)
				InitializePlatformSupportModulesInManaged (17ms)
				SetLoadedEditorAssemblies (0ms)
				RefreshPlugins (119ms)
				BeforeProcessingInitializeOnLoad (104ms)
				ProcessInitializeOnLoadAttributes (338ms)
				ProcessInitializeOnLoadMethodAttributes (34ms)
				AfterProcessingInitializeOnLoad (8ms)
				EditorAssembliesLoaded (0ms)
			ExecutionOrderSort2 (0ms)
			AwakeInstancesAfterBackupRestoration (6ms)
Platform modules already initialized, skipping
========================================================================
Worker process is ready to serve import requests
Shader 'Oculus/OVRMRCameraFrameLit': fallback shader 'Alpha-Diffuse' not found
Launched and connected shader compiler UnityShaderCompiler.exe after 0.19 seconds
Refreshing native plugins compatible for Editor in 1.13 ms, found 13 plugins.
Preloading 1 native plugins for Editor in 0.08 ms.
Unloading 5141 Unused Serialized files (Serialized files now loaded: 0)
Unloading 65 unused Assets / (149.7 KB). Loaded Objects now: 5574.
Memory consumption went from 188.2 MB to 188.1 MB.
Total: 5.554700 ms (FindLiveObjects: 0.784600 ms CreateObjectMapping: 0.222400 ms MarkObjects: 4.365500 ms  DeleteObjects: 0.181000 ms)

AssetImportParameters requested are different than current active one (requested -> active):
  custom:video-decoder-ogg-theora: a1e56fd34408186e4bbccfd4996cb3dc -> 
  custom:container-muxer-webm: aa71ff27fc2769a1b78a27578f13a17b -> 
  custom:container-demuxer-webm: 4f35f7cbe854078d1ac9338744f61a02 -> 
  custom:video-encoder-webm-vp8: eb34c28f22e8b96e1ab97ce403110664 -> 
  custom:audio-encoder-webm-vorbis: bf7c407c2cedff20999df2af8eb42d56 -> 
  custom:framework-win-MediaFoundation: 216162199b28c13a410421893ffa2e32 -> 
  custom:container-demuxer-ogg: 62fdf1f143b41e24485cea50d1cbac27 -> 
  custom:video-decoder-webm-vp8: 9c59270c3fd7afecdb556c50c9e8de78 -> 
  custom:audio-decoder-ogg-vorbis: bf7c407c2cedff20999df2af8eb42d56 -> 
========================================================================
Received Import Request.
  Time since last request: 2767133.593158 seconds.
  path: Assets/Oculus/SampleFramework/Usage/DistanceGrab/Prefabs/OutlineItems/DistanceGrabWoodBlockPf.prefab
  artifactKey: Guid(ea7023a21c9958f439273c740ffccda8) Importer(815301076,1909f56bfc062723c751e8b465ee728b)
Start importing Assets/Oculus/SampleFramework/Usage/DistanceGrab/Prefabs/OutlineItems/DistanceGrabWoodBlockPf.prefab using Guid(ea7023a21c9958f439273c740ffccda8) Importer(815301076,1909f56bfc062723c751e8b465ee728b)  -> (artifact id: '006f93e41c65607d3c79b4c2d5246f97') in 0.232169 seconds 
========================================================================
Received Import Request.
  Time since last request: 0.000024 seconds.
  path: Assets/Oculus/SampleFramework/Core/CustomHands/Models/HandPoseDefaultPf.prefab
  artifactKey: Guid(35525acb4c3b75c4a8c4dc2c117427be) Importer(815301076,1909f56bfc062723c751e8b465ee728b)
Start importing Assets/Oculus/SampleFramework/Core/CustomHands/Models/HandPoseDefaultPf.prefab using Guid(35525acb4c3b75c4a8c4dc2c117427be) Importer(815301076,1909f56bfc062723c751e8b465ee728b)  -> (artifact id: '826a4f701cff0564e2668e88763dc2b2') in 0.020089 seconds 
========================================================================
Received Import Request.
  Time since last request: 0.000035 seconds.
  path: Assets/Oculus/Interaction/Runtime/Prefabs/Hands/FromLeftHandPrefab.prefab
  artifactKey: Guid(bf40bb80d130145429b3589de445204b) Importer(815301076,1909f56bfc062723c751e8b465ee728b)
Start importing Assets/Oculus/Interaction/Runtime/Prefabs/Hands/FromLeftHandPrefab.prefab using Guid(bf40bb80d130145429b3589de445204b) Importer(815301076,1909f56bfc062723c751e8b465ee728b)  -> (artifact id: '0211596269990b8d0eb6a314e9c9cc4e') in 0.225938 seconds 
========================================================================
Received Import Request.
  Time since last request: 0.000025 seconds.
  path: Assets/Oculus/SampleFramework/Usage/SceneManager/Prefabs/FurniturePrefabs/GenericPrefab.prefab
  artifactKey: Guid(4448d19be5174b04aaffd0f79363db90) Importer(815301076,1909f56bfc062723c751e8b465ee728b)
Start importing Assets/Oculus/SampleFramework/Usage/SceneManager/Prefabs/FurniturePrefabs/GenericPrefab.prefab using Guid(4448d19be5174b04aaffd0f79363db90) Importer(815301076,1909f56bfc062723c751e8b465ee728b)  -> (artifact id: '7afaf0a7a2bcc408b853f3eeb0df6ec0') in 0.108322 seconds 
========================================================================
Received Import Request.
  Time since last request: 0.000034 seconds.
  path: Assets/Oculus/SampleFramework/Usage/SharedAssets/Prefabs/OculusWoodBlockPf.prefab
  artifactKey: Guid(8ee9798876077ae49951b86fabc77fef) Importer(815301076,1909f56bfc062723c751e8b465ee728b)
Start importing Assets/Oculus/SampleFramework/Usage/SharedAssets/Prefabs/OculusWoodBlockPf.prefab using Guid(8ee9798876077ae49951b86fabc77fef) Importer(815301076,1909f56bfc062723c751e8b465ee728b)  -> (artifact id: 'de7747aa1bb313417e1070a62e5d2664') in 0.258298 seconds 
========================================================================
Received Import Request.
  Time since last request: 0.000025 seconds.
  path: Assets/Oculus/Interaction/Samples/Audio/Prefabs/PoseDetectionThumbsDownAudio.prefab
  artifactKey: Guid(554df53d5e174184cb1e009b3d76cffe) Importer(815301076,1909f56bfc062723c751e8b465ee728b)
Start importing Assets/Oculus/Interaction/Samples/Audio/Prefabs/PoseDetectionThumbsDownAudio.prefab using Guid(554df53d5e174184cb1e009b3d76cffe) Importer(815301076,1909f56bfc062723c751e8b465ee728b)  -> (artifact id: '1b63e5f157b70c0ff164ce8d0bffefb9') in 0.008504 seconds 
========================================================================
Received Import Request.
  Time since last request: 0.000037 seconds.
  path: Assets/Oculus/VR/Prefabs/OVRTrackedKeyboard/OVRTrackedKeyboard.prefab
  artifactKey: Guid(e9c36ab6506ab5b4bb79e26e150c8b4c) Importer(815301076,1909f56bfc062723c751e8b465ee728b)
Start importing Assets/Oculus/VR/Prefabs/OVRTrackedKeyboard/OVRTrackedKeyboard.prefab using Guid(e9c36ab6506ab5b4bb79e26e150c8b4c) Importer(815301076,1909f56bfc062723c751e8b465ee728b)  -> (artifact id: 'e45cdafb2b3a92cf9ef2daa6e3214d1e') in 0.047481 seconds 
========================================================================
Received Import Request.
  Time since last request: 0.000036 seconds.
  path: Assets/Oculus/Interaction/Runtime/Prefabs/HandPose/StopPose.prefab
  artifactKey: Guid(0e1b2ff3bedb5c0498180178216f13d0) Importer(815301076,1909f56bfc062723c751e8b465ee728b)
Start importing Assets/Oculus/Interaction/Runtime/Prefabs/HandPose/StopPose.prefab using Guid(0e1b2ff3bedb5c0498180178216f13d0) Importer(815301076,1909f56bfc062723c751e8b465ee728b)  -> (artifact id: 'd933f680f9b29f82d59d8d9943240a9f') in 0.017978 seconds 
========================================================================
Received Import Request.
  Time since last request: 0.000024 seconds.
  path: Assets/Oculus/SampleFramework/Usage/DistanceGrab/Prefabs/GrabOffsetsAndPoses/GrabOffsetSportsBottle.prefab
  artifactKey: Guid(802a502bbd864114696daa6c2001c156) Importer(815301076,1909f56bfc062723c751e8b465ee728b)
Start importing Assets/Oculus/SampleFramework/Usage/DistanceGrab/Prefabs/GrabOffsetsAndPoses/GrabOffsetSportsBottle.prefab using Guid(802a502bbd864114696daa6c2001c156) Importer(815301076,1909f56bfc062723c751e8b465ee728b)  -> (artifact id: 'ede2c1b64d0b26b9d1e81ab15c074d3a') in 0.007324 seconds 
========================================================================
Received Import Request.
  Time since last request: 0.000023 seconds.
  path: Assets/Oculus/Interaction/Runtime/Prefabs/Poke/PokeInteractable.prefab
  artifactKey: Guid(5fca3702cdf1a214a94e69dcfa704e17) Importer(815301076,1909f56bfc062723c751e8b465ee728b)
Start importing Assets/Oculus/Interaction/Runtime/Prefabs/Poke/PokeInteractable.prefab using Guid(5fca3702cdf1a214a94e69dcfa704e17) Importer(815301076,1909f56bfc062723c751e8b465ee728b)  -> (artifact id: '89c48f07c4fd43711779ec006be0e26f') in 0.071652 seconds 
========================================================================
Received Import Request.
  Time since last request: 0.000016 seconds.
  path: Assets/Oculus/SampleFramework/Usage/HandsTrainExample/Prefabs/LeftSegment.prefab
  artifactKey: Guid(bc23f966b19084442a7a67d85bc6abdb) Importer(815301076,1909f56bfc062723c751e8b465ee728b)
Start importing Assets/Oculus/SampleFramework/Usage/HandsTrainExample/Prefabs/LeftSegment.prefab using Guid(bc23f966b19084442a7a67d85bc6abdb) Importer(815301076,1909f56bfc062723c751e8b465ee728b)  -> (artifact id: '731e1714708bee12567e46eda9daed0b') in 0.045524 seconds 
========================================================================
Received Import Request.
  Time since last request: 0.000025 seconds.
  path: Assets/Oculus/Spatializer/scenes/Standard Assets/Character Controllers/First Person Controller.prefab
  artifactKey: Guid(9d4133d5d30b644bd87802a347eaccbe) Importer(815301076,1909f56bfc062723c751e8b465ee728b)
Start importing Assets/Oculus/Spatializer/scenes/Standard Assets/Character Controllers/First Person Controller.prefab using Guid(9d4133d5d30b644bd87802a347eaccbe) Importer(815301076,1909f56bfc062723c751e8b465ee728b)  -> (artifact id: 'defebc5b7e2188437cd005a4cc9100ff') in 0.050994 seconds 
========================================================================
Received Import Request.
  Time since last request: 0.001023 seconds.
  path: Assets/Oculus/SampleFramework/Core/HandsInteraction/Prefabs/InteractableToolsSDKDriver.prefab
  artifactKey: Guid(2ced187cdc1b6b94da2fd30a37e8bc41) Importer(815301076,1909f56bfc062723c751e8b465ee728b)
Start importing Assets/Oculus/SampleFramework/Core/HandsInteraction/Prefabs/InteractableToolsSDKDriver.prefab using Guid(2ced187cdc1b6b94da2fd30a37e8bc41) Importer(815301076,1909f56bfc062723c751e8b465ee728b)  -> (artifact id: 'de1ad8de42c04e1c7378afc708a883fe') in 0.014461 seconds 
========================================================================
Received Import Request.
  Time since last request: 0.000022 seconds.
  path: Assets/Oculus/Interaction/Runtime/Prefabs/Hands/RightHandVisual.prefab
  artifactKey: Guid(34a22dd67c1e5344591237fdd61e78ec) Importer(815301076,1909f56bfc062723c751e8b465ee728b)
Start importing Assets/Oculus/Interaction/Runtime/Prefabs/Hands/RightHandVisual.prefab using Guid(34a22dd67c1e5344591237fdd61e78ec) Importer(815301076,1909f56bfc062723c751e8b465ee728b)  -> (artifact id: '988cb3b9d12efff6be9e9efe273fc075') in 0.107468 seconds 
========================================================================
Received Import Request.
  Time since last request: 0.000027 seconds.
  path: Assets/Oculus/Interaction/Samples/Audio/Prefabs/ObjectPhysicsImpactHard.prefab
  artifactKey: Guid(587a377cccd931246a8bc5bf692429c6) Importer(815301076,1909f56bfc062723c751e8b465ee728b)
Start importing Assets/Oculus/Interaction/Samples/Audio/Prefabs/ObjectPhysicsImpactHard.prefab using Guid(587a377cccd931246a8bc5bf692429c6) Importer(815301076,1909f56bfc062723c751e8b465ee728b)  -> (artifact id: '6b670db7c664dd46f863f0910f3f2971') in 0.012735 seconds 
========================================================================
Received Import Request.
  Time since last request: 0.000023 seconds.
  path: Assets/Oculus/Interaction/Runtime/Prefabs/Debug/HandShapeSkeletalDebugVisual.prefab
  artifactKey: Guid(4b8a7a9b6cd7ab64d8c0202c46aed437) Importer(815301076,1909f56bfc062723c751e8b465ee728b)
Start importing Assets/Oculus/Interaction/Runtime/Prefabs/Debug/HandShapeSkeletalDebugVisual.prefab using Guid(4b8a7a9b6cd7ab64d8c0202c46aed437) Importer(815301076,1909f56bfc062723c751e8b465ee728b)  -> (artifact id: 'debe1c49ba7ec87f26d96cacdfdc1455') in 0.011507 seconds 
========================================================================
Received Import Request.
  Time since last request: 0.000024 seconds.
  path: Assets/Oculus/SampleFramework/Usage/HandsTrainExample/Prefabs/StraightSegment.prefab
  artifactKey: Guid(8abf81966316aaa4ab3c679a2a46c5b4) Importer(815301076,1909f56bfc062723c751e8b465ee728b)
Start importing Assets/Oculus/SampleFramework/Usage/HandsTrainExample/Prefabs/StraightSegment.prefab using Guid(8abf81966316aaa4ab3c679a2a46c5b4) Importer(815301076,1909f56bfc062723c751e8b465ee728b)  -> (artifact id: 'd43b5afdf1472e3d2aabb90614158c1c') in 0.016783 seconds 
========================================================================
Received Import Request.
  Time since last request: 0.000026 seconds.
  path: Assets/Oculus/SampleFramework/Usage/SceneManager/Prefabs/InvisibleVolume.prefab
  artifactKey: Guid(d9e6bf90859da5e4a99697b186a19545) Importer(815301076,1909f56bfc062723c751e8b465ee728b)
Start importing Assets/Oculus/SampleFramework/Usage/SceneManager/Prefabs/InvisibleVolume.prefab using Guid(d9e6bf90859da5e4a99697b186a19545) Importer(815301076,1909f56bfc062723c751e8b465ee728b)  -> (artifact id: 'c00b5c480014517a763aa4c6409c950d') in 0.012687 seconds 
========================================================================
Received Import Request.
  Time since last request: 0.000024 seconds.
  path: Assets/Oculus/Interaction/Runtime/Prefabs/InputOVR.prefab
  artifactKey: Guid(79afd2227c07813448bc8aa5f9d37d7a) Importer(815301076,1909f56bfc062723c751e8b465ee728b)
Start importing Assets/Oculus/Interaction/Runtime/Prefabs/InputOVR.prefab using Guid(79afd2227c07813448bc8aa5f9d37d7a) Importer(815301076,1909f56bfc062723c751e8b465ee728b)  -> (artifact id: 'ad0b5e14d2e86c1590e8b7514a90efcc') in 0.008620 seconds 
========================================================================
Received Import Request.
  Time since last request: 0.000035 seconds.
  path: Assets/Oculus/Interaction/Runtime/Prefabs/HandGrab/HandGrabInteractor.prefab
  artifactKey: Guid(885ecae56b16f13428a67de5ae482a72) Importer(815301076,1909f56bfc062723c751e8b465ee728b)
Start importing Assets/Oculus/Interaction/Runtime/Prefabs/HandGrab/HandGrabInteractor.prefab using Guid(885ecae56b16f13428a67de5ae482a72) Importer(815301076,1909f56bfc062723c751e8b465ee728b)  -> (artifact id: 'f9831ecd63be362c972ce9731608e1ed') in 0.012903 seconds 
========================================================================
Received Import Request.
  Time since last request: 0.000029 seconds.
  path: Assets/Oculus/Interaction/Runtime/Prefabs/HandPose/ThumbsDownPose.prefab
  artifactKey: Guid(9aad0b0f82ec58545815dcc7ec71a058) Importer(815301076,1909f56bfc062723c751e8b465ee728b)
Start importing Assets/Oculus/Interaction/Runtime/Prefabs/HandPose/ThumbsDownPose.prefab using Guid(9aad0b0f82ec58545815dcc7ec71a058) Importer(815301076,1909f56bfc062723c751e8b465ee728b)  -> (artifact id: 'a175e9c6120f1ae9d866d7aa12cc4943') in 0.036541 seconds 
========================================================================
Received Import Request.
  Time since last request: 0.000023 seconds.
  path: Assets/Oculus/SampleFramework/Usage/TouchPro/Prefabs/Ui/UiPanelPf (SceneMenu).prefab
  artifactKey: Guid(4c87b8ba85296774fa0da11db5282f2d) Importer(815301076,1909f56bfc062723c751e8b465ee728b)
Start importing Assets/Oculus/SampleFramework/Usage/TouchPro/Prefabs/Ui/UiPanelPf (SceneMenu).prefab using Guid(4c87b8ba85296774fa0da11db5282f2d) Importer(815301076,1909f56bfc062723c751e8b465ee728b)  -> (artifact id: '2a787794ef58f9ec6bfc0b8b21c01f72') in 0.033713 seconds 
========================================================================
Received Import Request.
  Time since last request: 0.000023 seconds.
  path: Assets/Oculus/SampleFramework/Usage/SceneManager/Prefabs/FurniturePrefabs/WindowPrefab.prefab
  artifactKey: Guid(ea9dc18d693f4bc4180075631acbcf0e) Importer(815301076,1909f56bfc062723c751e8b465ee728b)
Start importing Assets/Oculus/SampleFramework/Usage/SceneManager/Prefabs/FurniturePrefabs/WindowPrefab.prefab using Guid(ea9dc18d693f4bc4180075631acbcf0e) Importer(815301076,1909f56bfc062723c751e8b465ee728b)  -> (artifact id: 'fdce6af0cbe9bdcc005ba6423014742e') in 0.033265 seconds 
========================================================================
Received Import Request.
  Time since last request: 0.000028 seconds.
  path: Assets/Oculus/Interaction/Runtime/Prefabs/Debug/TransformFeatureVectorDebugParentVisual.prefab
  artifactKey: Guid(5f611a36d70d46a4ba7f1233f9c4444e) Importer(815301076,1909f56bfc062723c751e8b465ee728b)
Start importing Assets/Oculus/Interaction/Runtime/Prefabs/Debug/TransformFeatureVectorDebugParentVisual.prefab using Guid(5f611a36d70d46a4ba7f1233f9c4444e) Importer(815301076,1909f56bfc062723c751e8b465ee728b)  -> (artifact id: 'dfe04074a0cb2942d057c4f3f003e5c5') in 0.012925 seconds 
========================================================================
Received Import Request.
  Time since last request: 0.000023 seconds.
  path: Assets/Oculus/SampleFramework/Usage/TouchPro/Prefabs/Ui/UiAxis1dInspectorPf.prefab
  artifactKey: Guid(f68c9906e47541d4788727341a012a42) Importer(815301076,1909f56bfc062723c751e8b465ee728b)
Start importing Assets/Oculus/SampleFramework/Usage/TouchPro/Prefabs/Ui/UiAxis1dInspectorPf.prefab using Guid(f68c9906e47541d4788727341a012a42) Importer(815301076,1909f56bfc062723c751e8b465ee728b)  -> (artifact id: '379c4087493732d1673723b69ed8e1b6') in 0.013453 seconds 
========================================================================
Received Import Request.
  Time since last request: 0.000031 seconds.
  path: Assets/Oculus/Interaction/Runtime/Prefabs/DistanceHandGrab/Reticles/RightHandReticle.prefab
  artifactKey: Guid(9fa0825d6b962924e8124b0b7d0595f8) Importer(815301076,1909f56bfc062723c751e8b465ee728b)
Start importing Assets/Oculus/Interaction/Runtime/Prefabs/DistanceHandGrab/Reticles/RightHandReticle.prefab using Guid(9fa0825d6b962924e8124b0b7d0595f8) Importer(815301076,1909f56bfc062723c751e8b465ee728b)  -> (artifact id: '405471e24332d76c631253c525926515') in 0.028860 seconds 
========================================================================
Received Import Request.
  Time since last request: 0.000037 seconds.
  path: Assets/Oculus/SampleFramework/Usage/TouchPro/Prefabs/SceneSettingsPf.prefab
  artifactKey: Guid(91d1086af687a1b4ba6b24b879290d7d) Importer(815301076,1909f56bfc062723c751e8b465ee728b)
Start importing Assets/Oculus/SampleFramework/Usage/TouchPro/Prefabs/SceneSettingsPf.prefab using Guid(91d1086af687a1b4ba6b24b879290d7d) Importer(815301076,1909f56bfc062723c751e8b465ee728b)  -> (artifact id: 'cc8eb5d15139da6f922a574e8ce150d1') in 0.007126 seconds 
========================================================================
Received Import Request.
  Time since last request: 0.000035 seconds.
  path: Assets/Oculus/SampleFramework/Usage/HandsTrainExample/Prefabs/SimpleTrainTrack.prefab
  artifactKey: Guid(f33f22767ed8d5f448588d4456526b8c) Importer(815301076,1909f56bfc062723c751e8b465ee728b)
Start importing Assets/Oculus/SampleFramework/Usage/HandsTrainExample/Prefabs/SimpleTrainTrack.prefab using Guid(f33f22767ed8d5f448588d4456526b8c) Importer(815301076,1909f56bfc062723c751e8b465ee728b)  -> (artifact id: 'c90502f822b0d04c3f7e595ff870179d') in 0.093822 seconds 
========================================================================
Received Import Request.
  Time since last request: 0.000021 seconds.
  path: Assets/Oculus/Platform/Samples/VrHoops/Prefabs/FlyText.prefab
  artifactKey: Guid(bb4775eb616604e329b92c1b4dfbaa5f) Importer(815301076,1909f56bfc062723c751e8b465ee728b)
Start importing Assets/Oculus/Platform/Samples/VrHoops/Prefabs/FlyText.prefab using Guid(bb4775eb616604e329b92c1b4dfbaa5f) Importer(815301076,1909f56bfc062723c751e8b465ee728b)  -> (artifact id: '5c9a6204fbf39378f7e01d8e4efb6c0d') in 0.010529 seconds 
========================================================================
Received Import Request.
  Time since last request: 0.000037 seconds.
  path: Assets/Oculus/SampleFramework/Core/HandsInteraction/Prefabs/HandsManager.prefab
  artifactKey: Guid(cbdf09e3b0f1ac246914a74904002cb6) Importer(815301076,1909f56bfc062723c751e8b465ee728b)
Start importing Assets/Oculus/SampleFramework/Core/HandsInteraction/Prefabs/HandsManager.prefab using Guid(cbdf09e3b0f1ac246914a74904002cb6) Importer(815301076,1909f56bfc062723c751e8b465ee728b)  -> (artifact id: '06710ffae3a2f23d59dd8bdc458e0e76') in 0.010441 seconds 
========================================================================
Received Import Request.
  Time since last request: 0.000032 seconds.
  path: Assets/Oculus/SampleFramework/Usage/TouchPro/Prefabs/StylusTip/StylusTipPf.prefab
  artifactKey: Guid(8851c2fd403d17444a83e2f3fbdb4044) Importer(815301076,1909f56bfc062723c751e8b465ee728b)
Start importing Assets/Oculus/SampleFramework/Usage/TouchPro/Prefabs/StylusTip/StylusTipPf.prefab using Guid(8851c2fd403d17444a83e2f3fbdb4044) Importer(815301076,1909f56bfc062723c751e8b465ee728b)  -> (artifact id: 'e1f847684b4072d96da052f5bc016ef0') in 0.024781 seconds 
========================================================================
Received Import Request.
  Time since last request: 0.000025 seconds.
  path: Assets/Oculus/SampleFramework/Core/Locomotion/PlayerController.prefab
  artifactKey: Guid(522b89d0f09cc834db5f015f40e578f3) Importer(815301076,1909f56bfc062723c751e8b465ee728b)
Start importing Assets/Oculus/SampleFramework/Core/Locomotion/PlayerController.prefab using Guid(522b89d0f09cc834db5f015f40e578f3) Importer(815301076,1909f56bfc062723c751e8b465ee728b)  -> (artifact id: 'c01500a5c1b93558bdf2986e837f1ac4') in 0.083132 seconds 
========================================================================
Received Import Request.
  Time since last request: 0.000028 seconds.
  path: Assets/Oculus/Interaction/Runtime/Prefabs/HandGrab/Ghost-RightHand.prefab
  artifactKey: Guid(4170d4d20a9b6034a88d89a71c2e0828) Importer(815301076,1909f56bfc062723c751e8b465ee728b)
Start importing Assets/Oculus/Interaction/Runtime/Prefabs/HandGrab/Ghost-RightHand.prefab using Guid(4170d4d20a9b6034a88d89a71c2e0828) Importer(815301076,1909f56bfc062723c751e8b465ee728b)  -> (artifact id: 'ef892d3d157eec77d48dd9fc346df210') in 0.050024 seconds 
========================================================================
Received Import Request.
  Time since last request: 0.000038 seconds.
  path: Assets/Oculus/SampleFramework/Usage/SceneManager/Prefabs/InvisiblePlane.prefab
  artifactKey: Guid(19eaa1918d9a5014889edb43d3e32f55) Importer(815301076,1909f56bfc062723c751e8b465ee728b)
Start importing Assets/Oculus/SampleFramework/Usage/SceneManager/Prefabs/InvisiblePlane.prefab using Guid(19eaa1918d9a5014889edb43d3e32f55) Importer(815301076,1909f56bfc062723c751e8b465ee728b)  -> (artifact id: '81457df7695973bc3be0b32c3b7befc5') in 0.006902 seconds 
========================================================================
Received Import Request.
  Time since last request: 0.000027 seconds.
  path: Assets/Oculus/SampleFramework/Core/Locomotion/TeleportLaser.prefab
  artifactKey: Guid(95b2b00d2fc56fa4c806f2cda99f5f89) Importer(815301076,1909f56bfc062723c751e8b465ee728b)
Start importing Assets/Oculus/SampleFramework/Core/Locomotion/TeleportLaser.prefab using Guid(95b2b00d2fc56fa4c806f2cda99f5f89) Importer(815301076,1909f56bfc062723c751e8b465ee728b)  -> (artifact id: '29875e6fc41973aa4fc3988c00f9ca5c') in 0.012022 seconds 
========================================================================
Received Import Request.
  Time since last request: 0.000022 seconds.
  path: Assets/Oculus/Interaction/Samples/Prefabs/OculusInteractionSampleRig.prefab
  artifactKey: Guid(f39a9d103c4129b42a53567f6cd8356a) Importer(815301076,1909f56bfc062723c751e8b465ee728b)
Start importing Assets/Oculus/Interaction/Samples/Prefabs/OculusInteractionSampleRig.prefab using Guid(f39a9d103c4129b42a53567f6cd8356a) Importer(815301076,1909f56bfc062723c751e8b465ee728b)  -> (artifact id: '03ec2d9a66d4fc5b03b2b9abdc42fab1') in 0.562030 seconds 
========================================================================
Received Import Request.
  Time since last request: 0.000034 seconds.
  path: Assets/Oculus/SampleFramework/Usage/TouchPro/Prefabs/Ui/UiPanelGroupPf.prefab
  artifactKey: Guid(50fdc7791c1824048b0ba560f3bf7e1c) Importer(815301076,1909f56bfc062723c751e8b465ee728b)
Start importing Assets/Oculus/SampleFramework/Usage/TouchPro/Prefabs/Ui/UiPanelGroupPf.prefab using Guid(50fdc7791c1824048b0ba560f3bf7e1c) Importer(815301076,1909f56bfc062723c751e8b465ee728b)  -> (artifact id: '5838ea88b9d50961c8e5c90d0f18ccd2') in 0.045303 seconds 
========================================================================
Received Import Request.
  Time since last request: 0.000037 seconds.
  path: Assets/Oculus/SampleFramework/Usage/SceneManager/Prefabs/Plane.prefab
  artifactKey: Guid(df163d7030fc9c443b347acd2088480a) Importer(815301076,1909f56bfc062723c751e8b465ee728b)
Start importing Assets/Oculus/SampleFramework/Usage/SceneManager/Prefabs/Plane.prefab using Guid(df163d7030fc9c443b347acd2088480a) Importer(815301076,1909f56bfc062723c751e8b465ee728b)  -> (artifact id: 'b3ff7d6ead3f83cdb55f728f3b1e0e98') in 0.028958 seconds 
========================================================================
Received Import Request.
  Time since last request: 0.000023 seconds.
  path: Assets/Oculus/Interaction/Runtime/Prefabs/Debug/SelectorDebugVisual.prefab
  artifactKey: Guid(2789b81452a53eb438f0467475526b1d) Importer(815301076,1909f56bfc062723c751e8b465ee728b)
Start importing Assets/Oculus/Interaction/Runtime/Prefabs/Debug/SelectorDebugVisual.prefab using Guid(2789b81452a53eb438f0467475526b1d) Importer(815301076,1909f56bfc062723c751e8b465ee728b)  -> (artifact id: 'e188c393cd6aa4244a2fadb9279a4724') in 0.042492 seconds 
========================================================================
Received Import Request.
  Time since last request: 0.000021 seconds.
  path: Assets/Oculus/SampleFramework/Usage/Passthrough/Prefabs/PassthroughStyler.prefab
  artifactKey: Guid(f1984b633af3d214aa142412a785ad04) Importer(815301076,1909f56bfc062723c751e8b465ee728b)
Start importing Assets/Oculus/SampleFramework/Usage/Passthrough/Prefabs/PassthroughStyler.prefab using Guid(f1984b633af3d214aa142412a785ad04) Importer(815301076,1909f56bfc062723c751e8b465ee728b)  -> (artifact id: '2833d97ef1451e1013c68c5b9bb91b7c') in 0.011375 seconds 
========================================================================
Received Import Request.
  Time since last request: 0.000025 seconds.
  path: Assets/Oculus/Platform/Samples/VrBoardGame/Prefabs/PowerBall.prefab
  artifactKey: Guid(81a73acbe18cf784cb5184bd404c30bc) Importer(815301076,1909f56bfc062723c751e8b465ee728b)
Start importing Assets/Oculus/Platform/Samples/VrBoardGame/Prefabs/PowerBall.prefab using Guid(81a73acbe18cf784cb5184bd404c30bc) Importer(815301076,1909f56bfc062723c751e8b465ee728b)  -> (artifact id: '522f49303b4701790b2979d99650d145') in 0.013443 seconds 
========================================================================
Received Import Request.
  Time since last request: 0.000022 seconds.
  path: Assets/Oculus/SampleFramework/Usage/Locomotion/Prefabs/WalkWedgePf.prefab
  artifactKey: Guid(1ebbf2a1c8f914adb93d6505f0368a02) Importer(815301076,1909f56bfc062723c751e8b465ee728b)
Start importing Assets/Oculus/SampleFramework/Usage/Locomotion/Prefabs/WalkWedgePf.prefab using Guid(1ebbf2a1c8f914adb93d6505f0368a02) Importer(815301076,1909f56bfc062723c751e8b465ee728b)  -> (artifact id: 'b0b78164a09f6272e76f65faefff4098') in 0.047619 seconds 
========================================================================
Received Import Request.
  Time since last request: 0.000019 seconds.
  path: Assets/Oculus/Interaction/Samples/Prefabs/InteractionRigOVR-FullSynthetic.prefab
  artifactKey: Guid(d93b7e04b48cd7b4fa849695dba2ce9c) Importer(815301076,1909f56bfc062723c751e8b465ee728b)
Start importing Assets/Oculus/Interaction/Samples/Prefabs/InteractionRigOVR-FullSynthetic.prefab using Guid(d93b7e04b48cd7b4fa849695dba2ce9c) Importer(815301076,1909f56bfc062723c751e8b465ee728b)  -> (artifact id: '491cb64edfc1f17c1b66dcbec0a04730') in 0.228979 seconds 
========================================================================
Received Import Request.
  Time since last request: 0.000029 seconds.
  path: Assets/Oculus/SampleFramework/Usage/SharedAssets/Prefabs/TablePfWithOccluder.prefab
  artifactKey: Guid(fafab64117ad71941baff8ea40eedbd7) Importer(815301076,1909f56bfc062723c751e8b465ee728b)
Start importing Assets/Oculus/SampleFramework/Usage/SharedAssets/Prefabs/TablePfWithOccluder.prefab using Guid(fafab64117ad71941baff8ea40eedbd7) Importer(815301076,1909f56bfc062723c751e8b465ee728b)  -> (artifact id: '2f8d70def5f51dd9b003dc678f1d9c68') in 0.060487 seconds 
========================================================================
Received Import Request.
  Time since last request: 0.000216 seconds.
  path: Assets/Oculus/SampleFramework/Usage/Locomotion/Prefabs/ThinBarsPf.prefab
  artifactKey: Guid(555b14fdbb3654d92946230ea927ffda) Importer(815301076,1909f56bfc062723c751e8b465ee728b)
Start importing Assets/Oculus/SampleFramework/Usage/Locomotion/Prefabs/ThinBarsPf.prefab using Guid(555b14fdbb3654d92946230ea927ffda) Importer(815301076,1909f56bfc062723c751e8b465ee728b)  -> (artifact id: '30712c1f9423878a063e7a2c3e6390cb') in 0.074921 seconds 
========================================================================
Received Import Request.
  Time since last request: 0.000021 seconds.
  path: Assets/Oculus/SampleFramework/Usage/SceneManager/Prefabs/OVRSceneManager Variant.prefab
  artifactKey: Guid(01765cfbec2dc2d4f95b40ea0da6c0a8) Importer(815301076,1909f56bfc062723c751e8b465ee728b)
Start importing Assets/Oculus/SampleFramework/Usage/SceneManager/Prefabs/OVRSceneManager Variant.prefab using Guid(01765cfbec2dc2d4f95b40ea0da6c0a8) Importer(815301076,1909f56bfc062723c751e8b465ee728b)  -> (artifact id: 'f83f7d883d824397b794c7b8e6063dd2') in 0.011516 seconds 
========================================================================
Received Import Request.
  Time since last request: 0.000022 seconds.
  path: Assets/Oculus/Interaction/Runtime/Prefabs/HandPose/FramePoseTwoHanded.prefab
  artifactKey: Guid(0abf62bb4de018a45bb3c5dc28e0e733) Importer(815301076,1909f56bfc062723c751e8b465ee728b)
Start importing Assets/Oculus/Interaction/Runtime/Prefabs/HandPose/FramePoseTwoHanded.prefab using Guid(0abf62bb4de018a45bb3c5dc28e0e733) Importer(815301076,1909f56bfc062723c751e8b465ee728b)  -> (artifact id: '5d61b78bf8f7fa484760d3cdf3ffcd7e') in 0.017114 seconds 
========================================================================
Received Import Request.
  Time since last request: 0.000025 seconds.
  path: Assets/Oculus/Interaction/Runtime/Prefabs/OVRIntegration/OVRControllers.prefab
  artifactKey: Guid(fbfc588a949bb1a42b20e5bddc4cf8cf) Importer(815301076,1909f56bfc062723c751e8b465ee728b)
Start importing Assets/Oculus/Interaction/Runtime/Prefabs/OVRIntegration/OVRControllers.prefab using Guid(fbfc588a949bb1a42b20e5bddc4cf8cf) Importer(815301076,1909f56bfc062723c751e8b465ee728b)  -> (artifact id: 'c85a67ada8f5736b2a648ed975f576ed') in 0.143896 seconds 
========================================================================
Received Import Request.
  Time since last request: 0.000043 seconds.
  path: Assets/Oculus/SampleFramework/Usage/TouchPro/Prefabs/Ui/UiPanelPf (Controls - SelfTracking).prefab
  artifactKey: Guid(e42a6f3d5305d4c41aa7cb12ed1addf4) Importer(815301076,1909f56bfc062723c751e8b465ee728b)
Start importing Assets/Oculus/SampleFramework/Usage/TouchPro/Prefabs/Ui/UiPanelPf (Controls - SelfTracking).prefab using Guid(e42a6f3d5305d4c41aa7cb12ed1addf4) Importer(815301076,1909f56bfc062723c751e8b465ee728b)  -> (artifact id: 'd026e60e858084b09bbbefbb0f7202d3') in 0.009411 seconds 
========================================================================
Received Import Request.
  Time since last request: 0.000048 seconds.
  path: Assets/Oculus/Interaction/Runtime/Prefabs/HandGrab/Ghost-LeftHand.prefab
  artifactKey: Guid(aca0706bac5a68a4394ac02275753161) Importer(815301076,1909f56bfc062723c751e8b465ee728b)
Start importing Assets/Oculus/Interaction/Runtime/Prefabs/HandGrab/Ghost-LeftHand.prefab using Guid(aca0706bac5a68a4394ac02275753161) Importer(815301076,1909f56bfc062723c751e8b465ee728b)  -> (artifact id: 'afdd172a44ea541f81638bdbbca5595a') in 0.017639 seconds 
========================================================================
Received Import Request.
  Time since last request: 0.000024 seconds.
  path: Assets/Oculus/SampleFramework/Core/Locomotion/TeleportPoint.prefab
  artifactKey: Guid(ded1d2e0d283d62428212702b4ed5f3f) Importer(815301076,1909f56bfc062723c751e8b465ee728b)
Start importing Assets/Oculus/SampleFramework/Core/Locomotion/TeleportPoint.prefab using Guid(ded1d2e0d283d62428212702b4ed5f3f) Importer(815301076,1909f56bfc062723c751e8b465ee728b)  -> (artifact id: '960d02a6865b018d0655ad9a3b855d3b') in 0.031364 seconds 
========================================================================
Received Import Request.
  Time since last request: 0.000025 seconds.
  path: Assets/Oculus/SampleFramework/Usage/OVROverlay/Prefabs/WorldspaceUIGeometry.prefab
  artifactKey: Guid(fbf290ae4ef1a494789b2e442f170d24) Importer(815301076,1909f56bfc062723c751e8b465ee728b)
Start importing Assets/Oculus/SampleFramework/Usage/OVROverlay/Prefabs/WorldspaceUIGeometry.prefab using Guid(fbf290ae4ef1a494789b2e442f170d24) Importer(815301076,1909f56bfc062723c751e8b465ee728b)  -> (artifact id: 'ac5d8067b2761933b7ce8c5391059285') in 0.077782 seconds 
========================================================================
Received Import Request.
  Time since last request: 0.000021 seconds.
  path: Assets/Oculus/Interaction/Runtime/Prefabs/Grab/GrabInteractable.prefab
  artifactKey: Guid(4a3c8f82a01756d43afc639499c0ce51) Importer(815301076,1909f56bfc062723c751e8b465ee728b)
Start importing Assets/Oculus/Interaction/Runtime/Prefabs/Grab/GrabInteractable.prefab using Guid(4a3c8f82a01756d43afc639499c0ce51) Importer(815301076,1909f56bfc062723c751e8b465ee728b)  -> (artifact id: '25bfb9a03f743c9cfb0430b906673c83') in 0.014100 seconds 
========================================================================
Received Import Request.
  Time since last request: 0.000027 seconds.
  path: Assets/Oculus/SampleFramework/Core/DebugUI/Prefabs/UIHelpers.prefab
  artifactKey: Guid(a9d2de84afb308a4796cc671d3432b4d) Importer(815301076,1909f56bfc062723c751e8b465ee728b)
Start importing Assets/Oculus/SampleFramework/Core/DebugUI/Prefabs/UIHelpers.prefab using Guid(a9d2de84afb308a4796cc671d3432b4d) Importer(815301076,1909f56bfc062723c751e8b465ee728b)  -> (artifact id: 'c0fd1a175ac32b681459a31e567ad578') in 0.014179 seconds 
========================================================================
Received Import Request.
  Time since last request: 0.000021 seconds.
  path: Assets/Oculus/SampleFramework/Usage/HandsTrainExample/Prefabs/RightSegment.prefab
  artifactKey: Guid(c458bcf4711b479478e49962283bac76) Importer(815301076,1909f56bfc062723c751e8b465ee728b)
Start importing Assets/Oculus/SampleFramework/Usage/HandsTrainExample/Prefabs/RightSegment.prefab using Guid(c458bcf4711b479478e49962283bac76) Importer(815301076,1909f56bfc062723c751e8b465ee728b)  -> (artifact id: '6cf5c37c4ebbeb0a43509b6914da8e61') in 0.021231 seconds 
========================================================================
Received Import Request.
  Time since last request: 0.000030 seconds.
  path: Assets/Oculus/SampleFramework/Usage/SharedAssets/Prefabs/OculusWaterBottlePf.prefab
  artifactKey: Guid(44c054c23ca023940ae65542cf6d9185) Importer(815301076,1909f56bfc062723c751e8b465ee728b)
Start importing Assets/Oculus/SampleFramework/Usage/SharedAssets/Prefabs/OculusWaterBottlePf.prefab using Guid(44c054c23ca023940ae65542cf6d9185) Importer(815301076,1909f56bfc062723c751e8b465ee728b)  -> (artifact id: '9cc4b423b46046036d3c45dac17c9e16') in 0.013256 seconds 
========================================================================
Received Import Request.
  Time since last request: 0.000033 seconds.
  path: Assets/Oculus/SampleFramework/Usage/HandsTrainExample/Prefabs/HandsNotification.prefab
  artifactKey: Guid(e4f60a75af8a64d46b6a5eb6ddd9fb2c) Importer(815301076,1909f56bfc062723c751e8b465ee728b)
Start importing Assets/Oculus/SampleFramework/Usage/HandsTrainExample/Prefabs/HandsNotification.prefab using Guid(e4f60a75af8a64d46b6a5eb6ddd9fb2c) Importer(815301076,1909f56bfc062723c751e8b465ee728b)  -> (artifact id: '4e769816fedefa7a2c8fda0b144afdb4') in 0.013182 seconds 
========================================================================
Received Import Request.
  Time since last request: 0.000021 seconds.
  path: Assets/Oculus/SampleFramework/Usage/SharedAssets/Prefabs/ToyCubePf.prefab
  artifactKey: Guid(8dabe039502862549b63fa1157199b81) Importer(815301076,1909f56bfc062723c751e8b465ee728b)
Start importing Assets/Oculus/SampleFramework/Usage/SharedAssets/Prefabs/ToyCubePf.prefab using Guid(8dabe039502862549b63fa1157199b81) Importer(815301076,1909f56bfc062723c751e8b465ee728b)  -> (artifact id: 'bc432901c4e9b5bfb8d03799bc1f6d0d') in 0.014937 seconds 
========================================================================
Received Import Request.
  Time since last request: 0.000024 seconds.
  path: Assets/Oculus/SampleFramework/Core/HandsInteraction/Prefabs/FingerTipPokeToolMiddle.prefab
  artifactKey: Guid(fa0335bbc63fc1b46b9b6d2b41d39f6d) Importer(815301076,1909f56bfc062723c751e8b465ee728b)
Start importing Assets/Oculus/SampleFramework/Core/HandsInteraction/Prefabs/FingerTipPokeToolMiddle.prefab using Guid(fa0335bbc63fc1b46b9b6d2b41d39f6d) Importer(815301076,1909f56bfc062723c751e8b465ee728b)  -> (artifact id: '2f8acc7ac53c91becf0ef5659fa72ee4') in 0.016352 seconds 
========================================================================
Received Import Request.
  Time since last request: 0.000024 seconds.
  path: Assets/Oculus/Interaction/Runtime/Prefabs/HandPose/RockPose.prefab
  artifactKey: Guid(3ac7f33474277cc4598513c999a34088) Importer(815301076,1909f56bfc062723c751e8b465ee728b)
Start importing Assets/Oculus/Interaction/Runtime/Prefabs/HandPose/RockPose.prefab using Guid(3ac7f33474277cc4598513c999a34088) Importer(815301076,1909f56bfc062723c751e8b465ee728b)  -> (artifact id: 'c8ddfd5c758ede9e2e81fc292dd374c7') in 0.008104 seconds 
========================================================================
Received Import Request.
  Time since last request: 0.000026 seconds.
  path: Assets/Oculus/SampleFramework/Usage/TouchPro/Prefabs/StylusTip/StylusTipBreadCrumbPf.prefab
  artifactKey: Guid(737cbb352eac8f04d8242de1c303e9fa) Importer(815301076,1909f56bfc062723c751e8b465ee728b)
Start importing Assets/Oculus/SampleFramework/Usage/TouchPro/Prefabs/StylusTip/StylusTipBreadCrumbPf.prefab using Guid(737cbb352eac8f04d8242de1c303e9fa) Importer(815301076,1909f56bfc062723c751e8b465ee728b)  -> (artifact id: '47d90daf821015a751028885bf390064') in 0.012120 seconds 
========================================================================
Received Import Request.
  Time since last request: 0.000025 seconds.
  path: Assets/Oculus/Interaction/Runtime/Prefabs/OVRIntegration/OVRHmd.prefab
  artifactKey: Guid(46b60c6fd5ee4fb4eb2aab6fc3de5c50) Importer(815301076,1909f56bfc062723c751e8b465ee728b)
Start importing Assets/Oculus/Interaction/Runtime/Prefabs/OVRIntegration/OVRHmd.prefab using Guid(46b60c6fd5ee4fb4eb2aab6fc3de5c50) Importer(815301076,1909f56bfc062723c751e8b465ee728b)  -> (artifact id: '13cfab0986cf2c3982664589d5cb50ee') in 0.007528 seconds 
========================================================================
Received Import Request.
  Time since last request: 0.000021 seconds.
  path: Assets/Oculus/SampleFramework/Usage/Passthrough/Prefabs/InfoPanel.prefab
  artifactKey: Guid(a088380b5cbca784a8ad386fa70c3d15) Importer(815301076,1909f56bfc062723c751e8b465ee728b)
Start importing Assets/Oculus/SampleFramework/Usage/Passthrough/Prefabs/InfoPanel.prefab using Guid(a088380b5cbca784a8ad386fa70c3d15) Importer(815301076,1909f56bfc062723c751e8b465ee728b)  -> (artifact id: '7cc0aa3ebd2adcd2ee25c47bab929002') in 0.008736 seconds 
Editor requested this worker to shutdown with reason: Scaling down because of idle timeout
AssetImportWorker is now disconnected from the server
Process exiting
Exiting without the bug reporter. Application will terminate with return code 0